e:\qtproject\00407\00407\x64\debug\uic\ui_qtwidgetsapplication.h
e:\qtproject\00407\00407\x64\debug\rcc\qrc_qtwidgetsapplication.cpp
e:\qtproject\00407\00407\x64\debug\moc\moc_qtwidgetsapplication.cpp
e:\qtproject\00407\00407\x64\debug\vc142.pdb
e:\qtproject\00407\00407\x64\debug\qrc_qtwidgetsapplication.obj
e:\qtproject\00407\00407\x64\debug\qtwidgetsapplication.obj
e:\qtproject\00407\00407\x64\debug\main.obj
e:\qtproject\00407\00407\x64\debug\moc_qtwidgetsapplication.obj
e:\qtproject\00407\x64\debug\00407.pdb
e:\qtproject\00407\00407\x64\debug\00407.tlog\00407.write.1u.tlog
e:\qtproject\00407\00407\x64\debug\00407.tlog\cl.command.1.tlog
e:\qtproject\00407\00407\x64\debug\00407.tlog\cl.read.1.tlog
e:\qtproject\00407\00407\x64\debug\00407.tlog\cl.write.1.tlog
e:\qtproject\00407\00407\x64\debug\00407.tlog\link-cvtres.read.1.tlog
e:\qtproject\00407\00407\x64\debug\00407.tlog\link-cvtres.write.1.tlog
e:\qtproject\00407\00407\x64\debug\00407.tlog\link-rc.read.1.tlog
e:\qtproject\00407\00407\x64\debug\00407.tlog\link-rc.write.1.tlog
e:\qtproject\00407\00407\x64\debug\00407.tlog\link.command.1.tlog
e:\qtproject\00407\00407\x64\debug\00407.tlog\link.read.1.tlog
e:\qtproject\00407\00407\x64\debug\00407.tlog\link.write.1.tlog
e:\qtproject\00407\00407\x64\debug\00407.tlog\moc.read.1u.tlog
e:\qtproject\00407\00407\x64\debug\00407.tlog\moc.write.1u.tlog
e:\qtproject\00407\00407\x64\debug\00407.tlog\rcc.read.1u.tlog
e:\qtproject\00407\00407\x64\debug\00407.tlog\rcc.write.1u.tlog
e:\qtproject\00407\00407\x64\debug\00407.tlog\uic.read.1u.tlog
e:\qtproject\00407\00407\x64\debug\00407.tlog\uic.write.1u.tlog
